<?xml version="1.0" encoding="UTF-8"?><testrun name="TarjetaBusinessTest" project="TarjetaEJB" tests="3" started="3" failures="0" errors="1" ignored="0">
  <testsuite name="co.com.tarjeta.business.TarjetaBusinessTest" time="0.669">
    <testcase name="calculateNewDebtShouldReturnDebtPlus1000xDelayDaysWhenTypeMasterCard" classname="co.com.tarjeta.business.TarjetaBusinessTest" time="0.0"/>
    <testcase name="calculateNewDebtShouldReturnDebtWhenTypeDoesNotExist" classname="co.com.tarjeta.business.TarjetaBusinessTest" time="0.668">
      <error>org.mockito.exceptions.misusing.InvalidUseOfMatchersException: 
Invalid use of argument matchers!
3 matchers expected, 1 recorded:
-&gt; at co.com.tarjeta.business.TarjetaBusinessTest.calculateNewDebtShouldReturnDebtWhenTypeDoesNotExist(TarjetaBusinessTest.java:34)

This exception may occur if matchers are combined with raw values:
    //incorrect:
    someMethod(anyObject(), "raw String");
When using matchers, all arguments have to be provided by matchers.
For example:
    //correct:
    someMethod(anyObject(), eq("String by matcher"));

For more info see javadoc for Matchers class.
&#13;
	at co.com.tarjeta.business.TarjetaBusinessTest.calculateNewDebtShouldReturnDebtWhenTypeDoesNotExist(TarjetaBusinessTest.java:34)&#13;
	at sun.reflect.NativeMethodAccessorImpl.invoke0(Native Method)&#13;
	at sun.reflect.NativeMethodAccessorImpl.invoke(NativeMethodAccessorImpl.java:62)&#13;
	at sun.reflect.DelegatingMethodAccessorImpl.invoke(DelegatingMethodAccessorImpl.java:43)&#13;
	at java.lang.reflect.Method.invoke(Method.java:497)&#13;
	at org.junit.runners.model.FrameworkMethod$1.runReflectiveCall(FrameworkMethod.java:47)&#13;
	at org.junit.internal.runners.model.ReflectiveCallable.run(ReflectiveCallable.java:12)&#13;
	at org.junit.runners.model.FrameworkMethod.invokeExplosively(FrameworkMethod.java:44)&#13;
	at org.junit.internal.runners.statements.InvokeMethod.evaluate(InvokeMethod.java:17)&#13;
	at org.junit.runners.ParentRunner.runLeaf(ParentRunner.java:271)&#13;
	at org.junit.runners.BlockJUnit4ClassRunner.runChild(BlockJUnit4ClassRunner.java:70)&#13;
	at org.junit.runners.BlockJUnit4ClassRunner.runChild(BlockJUnit4ClassRunner.java:50)&#13;
	at org.junit.runners.ParentRunner$3.run(ParentRunner.java:238)&#13;
	at org.junit.runners.ParentRunner$1.schedule(ParentRunner.java:63)&#13;
	at org.junit.runners.ParentRunner.runChildren(ParentRunner.java:236)&#13;
	at org.junit.runners.ParentRunner.access$000(ParentRunner.java:53)&#13;
	at org.junit.runners.ParentRunner$2.evaluate(ParentRunner.java:229)&#13;
	at org.junit.runners.ParentRunner.run(ParentRunner.java:309)&#13;
	at org.eclipse.jdt.internal.junit4.runner.JUnit4TestReference.run(JUnit4TestReference.java:86)&#13;
	at org.eclipse.jdt.internal.junit.runner.TestExecution.run(TestExecution.java:38)&#13;
	at org.eclipse.jdt.internal.junit.runner.RemoteTestRunner.runTests(RemoteTestRunner.java:459)&#13;
	at org.eclipse.jdt.internal.junit.runner.RemoteTestRunner.runTests(RemoteTestRunner.java:678)&#13;
	at org.eclipse.jdt.internal.junit.runner.RemoteTestRunner.run(RemoteTestRunner.java:382)&#13;
	at org.eclipse.jdt.internal.junit.runner.RemoteTestRunner.main(RemoteTestRunner.java:192)&#13;
&#13;
</error>
    </testcase>
    <testcase name="calculateNewDebtShouldReturnDebtPlus2000xDelayDaysWhenTypeVisaAE" classname="co.com.tarjeta.business.TarjetaBusinessTest" time="0.001"/>
  </testsuite>
</testrun>
